From https://github.com/cmaceves/ai-nuggets
 * branch            main       -> FETCH_HEAD
Already up to date.
[main ac5e2c3] Update cron logs
 1 file changed, 55 insertions(+)
remote: error: GH013: Repository rule violations found for refs/heads/main.        
remote: 
remote: - GITHUB PUSH PROTECTION        
remote:   —————————————————————————————————————————        
remote:     Resolve the following violations before pushing again        
remote: 
remote:     - Push cannot contain secrets        
remote: 
remote:             
remote:      (?) Learn how to resolve a blocked push        
remote:      https://docs.github.com/code-security/secret-scanning/working-with-secret-scanning-and-push-protection/working-with-push-protection-from-the-command-line#resolving-a-blocked-push        
remote:             
remote:             
remote:       —— Cloudflare Account API Token ——————————————————————        
remote:        locations:        
remote:          - commit: 52fe40d34a4b7d88bb65f0cd33f2178ded44cba2        
remote:            path: podcasts/genome-brief/logs/smoketest_verbose.jsonl:244        
remote:          - commit: 52fe40d34a4b7d88bb65f0cd33f2178ded44cba2        
remote:            path: podcasts/genome-brief/logs/smoketest_verbose.jsonl:244        
remote:          - commit: 52fe40d34a4b7d88bb65f0cd33f2178ded44cba2        
remote:            path: podcasts/genome-brief/logs/smoketest_verbose.jsonl:266        
remote:          - commit: 52fe40d34a4b7d88bb65f0cd33f2178ded44cba2        
remote:            path: podcasts/genome-brief/logs/smoketest_verbose.jsonl:266        
remote:          - commit: 52fe40d34a4b7d88bb65f0cd33f2178ded44cba2        
remote:            path: podcasts/genome-brief/logs/smoketest_verbose.jsonl:268        
remote:             
remote:        (?) To push, remove secret from commit(s) or follow this URL to allow the secret.        
remote:        https://github.com/cmaceves/ai-nuggets/security/secret-scanning/unblock-secret/3FUWfCtKM6v4RImOvhwYvLrcqSB        
remote:             
remote: 
remote: 
To https://github.com/cmaceves/ai-nuggets.git
 ! [remote rejected] main -> main (push declined due to repository rule violations)
error: failed to push some refs to 'https://github.com/cmaceves/ai-nuggets.git'
From https://github.com/cmaceves/ai-nuggets
 * branch            main       -> FETCH_HEAD
Already up to date.
=== 2026-06-23T05:11:55-07:00 AUP-refusal detected for genome-brief; retrying in 180s ===
[main 99e9e42] Update cron logs
 1 file changed, 45 insertions(+)
To https://github.com/cmaceves/ai-nuggets.git
   7c89e99..99e9e42  main -> main
From https://github.com/cmaceves/ai-nuggets
 * branch            main       -> FETCH_HEAD
Already up to date.
From https://github.com/cmaceves/ai-nuggets
 * branch            main       -> FETCH_HEAD
Already up to date.
=== 2026-06-23T10:01:59-07:00 no episode produced for genome-brief; retrying in 180s ===
[main e86f185] Update cron logs
 1 file changed, 36 insertions(+)
To https://github.com/cmaceves/ai-nuggets.git
   182e8a3..e86f185  main -> main
From https://github.com/cmaceves/ai-nuggets
 * branch            main       -> FETCH_HEAD
Already up to date.
=== 2026-06-24T05:02:14-07:00 no episode produced for genome-brief; retrying in 180s ===
=== 2026-06-24T05:09:51-07:00 no episode produced for genome-brief; retrying in 180s ===
=== 2026-06-24T05:13:52-07:00 no episode produced for genome-brief; retrying in 180s ===
[main e7b074a] Update cron logs
 1 file changed, 44 insertions(+)
To https://github.com/cmaceves/ai-nuggets.git
   cb07484..e7b074a  main -> main
From https://github.com/cmaceves/ai-nuggets
 * branch            main       -> FETCH_HEAD
Already up to date.
=== 2026-06-25T05:03:40-07:00 no episode produced for genome-brief; retrying in 180s ===
=== 2026-06-25T05:08:54-07:00 no episode produced for genome-brief; retrying in 180s ===
[main 7f137e3] Update cron logs
 1 file changed, 47 insertions(+)
To https://github.com/cmaceves/ai-nuggets.git
   e7b074a..7f137e3  main -> main
From https://github.com/cmaceves/ai-nuggets
 * branch            main       -> FETCH_HEAD
Already up to date.
=== 2026-06-26T05:01:35-07:00 no episode produced for genome-brief; retrying in 180s ===
=== 2026-06-26T05:06:12-07:00 no episode produced for genome-brief; retrying in 180s ===
=== 2026-06-26T05:20:28-07:00 no episode produced for genome-brief; retrying in 180s ===
[main d8a05f4] Update cron logs
 1 file changed, 30 insertions(+)
To https://github.com/cmaceves/ai-nuggets.git
   c86564a..d8a05f4  main -> main
From https://github.com/cmaceves/ai-nuggets
 * branch            main       -> FETCH_HEAD
Already up to date.
=== 2026-06-27T05:02:08-07:00 no episode produced for genome-brief; retrying in 180s ===
=== 2026-06-27T05:10:04-07:00 no episode produced for genome-brief; retrying in 180s ===
[main a1b8a9c] Update cron logs
 1 file changed, 26 insertions(+)
To https://github.com/cmaceves/ai-nuggets.git
   d8a05f4..a1b8a9c  main -> main
From https://github.com/cmaceves/ai-nuggets
 * branch            main       -> FETCH_HEAD
Already up to date.
=== 2026-06-28T05:01:34-07:00 no episode produced for genome-brief; retrying in 180s ===
=== 2026-06-28T05:08:36-07:00 no episode produced for genome-brief; retrying in 180s ===
[main 371cc3d] Update cron logs
 1 file changed, 43 insertions(+)
To https://github.com/cmaceves/ai-nuggets.git
   a1b8a9c..371cc3d  main -> main
From https://github.com/cmaceves/ai-nuggets
 * branch            main       -> FETCH_HEAD
Already up to date.
=== 2026-06-29T05:03:23-07:00 no episode produced for genome-brief; retrying in 180s ===
=== 2026-06-29T05:07:03-07:00 no episode produced for genome-brief; retrying in 180s ===
[main 2032f0e] Update cron logs
 1 file changed, 40 insertions(+)
To https://github.com/cmaceves/ai-nuggets.git
   371cc3d..2032f0e  main -> main
From https://github.com/cmaceves/ai-nuggets
 * branch            main       -> FETCH_HEAD
Already up to date.
[main b74da52] Update cron logs
 1 file changed, 32 insertions(+)
To https://github.com/cmaceves/ai-nuggets.git
   2032f0e..b74da52  main -> main
From https://github.com/cmaceves/ai-nuggets
 * branch            main       -> FETCH_HEAD
Already up to date.
=== 2026-07-01T05:03:51-07:00 no episode produced for genome-brief; retrying in 180s ===
=== 2026-07-01T05:08:29-07:00 no episode produced for genome-brief; retrying in 180s ===
[main 12a768b] Update cron logs
 1 file changed, 53 insertions(+)
To https://github.com/cmaceves/ai-nuggets.git
   b74da52..12a768b  main -> main
From https://github.com/cmaceves/ai-nuggets
 * branch            main       -> FETCH_HEAD
Already up to date.
[main 2449e26] Update cron logs
 1 file changed, 28 insertions(+)
To https://github.com/cmaceves/ai-nuggets.git
   12a768b..2449e26  main -> main
From https://github.com/cmaceves/ai-nuggets
 * branch            main       -> FETCH_HEAD
Already up to date.
=== 2026-07-03T05:01:38-07:00 no episode produced for genome-brief; retrying in 180s ===
[main dec14d0] Update cron logs
 1 file changed, 38 insertions(+)
To https://github.com/cmaceves/ai-nuggets.git
   2449e26..dec14d0  main -> main
From https://github.com/cmaceves/ai-nuggets
 * branch            main       -> FETCH_HEAD
Already up to date.
=== 2026-07-04T05:02:02-07:00 no episode produced for genome-brief; retrying in 180s ===
=== 2026-07-04T05:06:44-07:00 no episode produced for genome-brief; retrying in 180s ===
[main 4acfcfc] Update cron logs
 1 file changed, 28 insertions(+)
To https://github.com/cmaceves/ai-nuggets.git
   dec14d0..4acfcfc  main -> main
From https://github.com/cmaceves/ai-nuggets
 * branch            main       -> FETCH_HEAD
Already up to date.
=== 2026-07-05T05:01:27-07:00 no episode produced for genome-brief; retrying in 180s ===
[main e6f2624] Update cron logs
 1 file changed, 40 insertions(+)
To https://github.com/cmaceves/ai-nuggets.git
   4acfcfc..e6f2624  main -> main
From https://github.com/cmaceves/ai-nuggets
 * branch            main       -> FETCH_HEAD
Already up to date.
=== 2026-07-06T05:05:00-07:00 no episode produced for genome-brief; retrying in 180s ===
[main b438b80] Update cron logs
 1 file changed, 24 insertions(+)
To https://github.com/cmaceves/ai-nuggets.git
   e6f2624..b438b80  main -> main
From https://github.com/cmaceves/ai-nuggets
 * branch            main       -> FETCH_HEAD
Already up to date.
=== 2026-07-07T05:01:34-07:00 no episode produced for genome-brief; retrying in 180s ===
=== 2026-07-07T05:05:29-07:00 no episode produced for genome-brief; retrying in 180s ===
[main 4e1516e] Update cron logs
 1 file changed, 42 insertions(+)
To https://github.com/cmaceves/ai-nuggets.git
   b438b80..4e1516e  main -> main
From https://github.com/cmaceves/ai-nuggets
 * branch            main       -> FETCH_HEAD
Already up to date.
=== 2026-07-08T05:01:54-07:00 no episode produced for genome-brief; retrying in 180s ===
[main 4f9a42b] Update cron logs
 1 file changed, 35 insertions(+)
To https://github.com/cmaceves/ai-nuggets.git
   4e1516e..4f9a42b  main -> main
From https://github.com/cmaceves/ai-nuggets
 * branch            main       -> FETCH_HEAD
Already up to date.
=== 2026-07-09T05:02:34-07:00 no episode produced for genome-brief; retrying in 180s ===
=== 2026-07-09T05:15:44-07:00 no episode produced for genome-brief; retrying in 180s ===
[main 1cffb23] Update cron logs
 1 file changed, 17 insertions(+)
To https://github.com/cmaceves/ai-nuggets.git
   4f9a42b..1cffb23  main -> main
From https://github.com/cmaceves/ai-nuggets
 * branch            main       -> FETCH_HEAD
Already up to date.
=== 2026-07-10T05:06:24-07:00 no episode produced for genome-brief; retrying in 180s ===
=== 2026-07-10T05:11:27-07:00 no episode produced for genome-brief; retrying in 180s ===
[main 80fe520] Update cron logs
 1 file changed, 23 insertions(+)
To https://github.com/cmaceves/ai-nuggets.git
   1cffb23..80fe520  main -> main
From https://github.com/cmaceves/ai-nuggets
 * branch            main       -> FETCH_HEAD
Already up to date.
=== 2026-07-11T05:02:49-07:00 no episode produced for genome-brief; retrying in 180s ===
[main 92cf5af] Update cron logs
 1 file changed, 21 insertions(+)
To https://github.com/cmaceves/ai-nuggets.git
   80fe520..92cf5af  main -> main
From https://github.com/cmaceves/ai-nuggets
 * branch            main       -> FETCH_HEAD
Already up to date.
=== 2026-07-12T05:02:08-07:00 no episode produced for genome-brief; retrying in 180s ===
=== 2026-07-12T05:06:19-07:00 no episode produced for genome-brief; retrying in 180s ===
=== 2026-07-12T05:10:05-07:00 no episode produced for genome-brief; retrying in 180s ===
[main ac5fd82] Update cron logs
 1 file changed, 30 insertions(+)
To https://github.com/cmaceves/ai-nuggets.git
   92cf5af..ac5fd82  main -> main
From https://github.com/cmaceves/ai-nuggets
 * branch            main       -> FETCH_HEAD
Already up to date.
[main 6b9254c] Update cron logs
 1 file changed, 39 insertions(+)
To https://github.com/cmaceves/ai-nuggets.git
   ac5fd82..6b9254c  main -> main
From https://github.com/cmaceves/ai-nuggets
 * branch            main       -> FETCH_HEAD
Already up to date.
=== 2026-07-14T05:04:01-07:00 no episode produced for genome-brief; retrying in 180s ===
[main 77e0b6f] Update cron logs
 1 file changed, 35 insertions(+)
To https://github.com/cmaceves/ai-nuggets.git
   6b9254c..77e0b6f  main -> main
From https://github.com/cmaceves/ai-nuggets
 * branch            main       -> FETCH_HEAD
Already up to date.
=== 2026-07-15T05:02:20-07:00 no episode produced for genome-brief; retrying in 180s ===
